2019-03-06 10:42:15  [ main:1 ] - [ INFO ]  开始加载浏览器了
2019-03-06 10:43:04  [ main:49389 ] - [ WARN ]  test 测试用例由于某些原因被跳过！
2019-03-06 10:43:04  [ main:49391 ] - [ INFO ]  被跳过的用例 = test
2019-03-06 10:43:25  [ main:0 ] - [ INFO ]  开始加载浏览器了
2019-03-06 10:43:30  [ main:5070 ] - [ INFO ]  浏览器最大化成功
2019-03-06 10:43:30  [ main:5071 ] - [ INFO ]  等待页面加载完成
2019-03-06 10:43:32  [ main:6953 ] - [ INFO ]  打开测试页面：http://www.test.styd.cn/
2019-03-06 10:43:32  [ main:6972 ] - [ INFO ]  test 测试用例开始执行！
2019-03-06 10:43:32  [ main:6973 ] - [ INFO ]  test 测试用例执行成功！
2019-03-06 10:43:33  [ main:7822 ] - [ INFO ]  浏览器退出成功
2019-03-06 10:43:33  [ main:7823 ] - [ INFO ]  执行成功的用例 = test
2019-03-06 10:45:25  [ main:0 ] - [ INFO ]  开始加载浏览器了
2019-03-06 10:45:30  [ main:4968 ] - [ INFO ]  浏览器最大化成功
2019-03-06 10:45:30  [ main:4968 ] - [ INFO ]  等待页面加载完成
2019-03-06 10:45:32  [ main:6653 ] - [ INFO ]  打开测试页面：http://www.test.styd.cn/
2019-03-06 10:45:33  [ main:7787 ] - [ INFO ]  浏览器退出成功
2019-03-06 10:53:34  [ main:0 ] - [ INFO ]  开始加载浏览器了
2019-03-06 10:53:40  [ main:5180 ] - [ INFO ]  浏览器最大化成功
2019-03-06 10:53:40  [ main:5180 ] - [ INFO ]  等待页面加载完成
2019-03-06 10:53:42  [ main:7755 ] - [ INFO ]  打开测试页面：http://www.test.styd.cn/
2019-03-06 10:53:42  [ main:7774 ] - [ INFO ]  test 测试用例开始执行！
2019-03-06 10:53:42  [ main:7775 ] - [ INFO ]  test 测试用例执行成功！
2019-03-06 10:53:43  [ main:8987 ] - [ INFO ]  浏览器退出成功
2019-03-06 10:53:43  [ main:8987 ] - [ INFO ]  执行成功的用例 = test
2019-03-06 10:53:43  [ main:9090 ] - [ DEBUG ]  Couldn't find template in cache for "index.ftl"("en", UTF-8, parsed); will try to load it.
2019-03-06 10:53:43  [ main:9092 ] - [ DEBUG ]  TemplateLoader.findTemplateSource("index_en.ftl"): Not found
2019-03-06 10:53:43  [ main:9094 ] - [ DEBUG ]  TemplateLoader.findTemplateSource("index.ftl"): Found
2019-03-06 10:53:43  [ main:9095 ] - [ DEBUG ]  Loading template for "index.ftl"("en", UTF-8, parsed) from "jar:file:/D:/MavenRepository/com/aventstack/extentreports/3.0.6/extentreports-3.0.6.jar!/com/aventstack/extentreports/view/html-report/index.ftl"
2019-03-06 10:53:44  [ main:9238 ] - [ DEBUG ]  Couldn't find template in cache for "head.ftl"("en", UTF-8, parsed); will try to load it.
2019-03-06 10:53:44  [ main:9238 ] - [ DEBUG ]  TemplateLoader.findTemplateSource("head_en.ftl"): Not found
2019-03-06 10:53:44  [ main:9239 ] - [ DEBUG ]  TemplateLoader.findTemplateSource("head.ftl"): Found
2019-03-06 10:53:44  [ main:9239 ] - [ DEBUG ]  Loading template for "head.ftl"("en", UTF-8, parsed) from "jar:file:/D:/MavenRepository/com/aventstack/extentreports/3.0.6/extentreports-3.0.6.jar!/com/aventstack/extentreports/view/html-report/head.ftl"
2019-03-06 10:53:44  [ main:9243 ] - [ DEBUG ]  Couldn't find template in cache for "nav.ftl"("en", UTF-8, parsed); will try to load it.
2019-03-06 10:53:44  [ main:9244 ] - [ DEBUG ]  TemplateLoader.findTemplateSource("nav_en.ftl"): Not found
2019-03-06 10:53:44  [ main:9244 ] - [ DEBUG ]  TemplateLoader.findTemplateSource("nav.ftl"): Found
2019-03-06 10:53:44  [ main:9245 ] - [ DEBUG ]  Loading template for "nav.ftl"("en", UTF-8, parsed) from "jar:file:/D:/MavenRepository/com/aventstack/extentreports/3.0.6/extentreports-3.0.6.jar!/com/aventstack/extentreports/view/html-report/nav.ftl"
2019-03-06 10:53:44  [ main:9255 ] - [ DEBUG ]  Couldn't find template in cache for "test-view/test-view.ftl"("en", UTF-8, parsed); will try to load it.
2019-03-06 10:53:44  [ main:9255 ] - [ DEBUG ]  TemplateLoader.findTemplateSource("test-view/test-view_en.ftl"): Not found
2019-03-06 10:53:44  [ main:9256 ] - [ DEBUG ]  TemplateLoader.findTemplateSource("test-view/test-view.ftl"): Found
2019-03-06 10:53:44  [ main:9256 ] - [ DEBUG ]  Loading template for "test-view/test-view.ftl"("en", UTF-8, parsed) from "jar:file:/D:/MavenRepository/com/aventstack/extentreports/3.0.6/extentreports-3.0.6.jar!/com/aventstack/extentreports/view/html-report/test-view/test-view.ftl"
2019-03-06 10:53:44  [ main:9264 ] - [ DEBUG ]  Couldn't find template in cache for "test-view/test-view-charts.ftl"("en", UTF-8, parsed); will try to load it.
2019-03-06 10:53:44  [ main:9264 ] - [ DEBUG ]  TemplateLoader.findTemplateSource("test-view/test-view-charts_en.ftl"): Not found
2019-03-06 10:53:44  [ main:9265 ] - [ DEBUG ]  TemplateLoader.findTemplateSource("test-view/test-view-charts.ftl"): Found
2019-03-06 10:53:44  [ main:9265 ] - [ DEBUG ]  Loading template for "test-view/test-view-charts.ftl"("en", UTF-8, parsed) from "jar:file:/D:/MavenRepository/com/aventstack/extentreports/3.0.6/extentreports-3.0.6.jar!/com/aventstack/extentreports/view/html-report/test-view/test-view-charts.ftl"
2019-03-06 10:53:44  [ main:9276 ] - [ DEBUG ]  Couldn't find template in cache for "test-view/standard.ftl"("en", UTF-8, parsed); will try to load it.
2019-03-06 10:53:44  [ main:9277 ] - [ DEBUG ]  TemplateLoader.findTemplateSource("test-view/standard_en.ftl"): Not found
2019-03-06 10:53:44  [ main:9278 ] - [ DEBUG ]  TemplateLoader.findTemplateSource("test-view/standard.ftl"): Found
2019-03-06 10:53:44  [ main:9278 ] - [ DEBUG ]  Loading template for "test-view/standard.ftl"("en", UTF-8, parsed) from "jar:file:/D:/MavenRepository/com/aventstack/extentreports/3.0.6/extentreports-3.0.6.jar!/com/aventstack/extentreports/view/html-report/test-view/standard.ftl"
2019-03-06 10:53:44  [ main:9290 ] - [ DEBUG ]  Couldn't find template in cache for "category-view/category-view.ftl"("en", UTF-8, parsed); will try to load it.
2019-03-06 10:53:44  [ main:9290 ] - [ DEBUG ]  TemplateLoader.findTemplateSource("category-view/category-view_en.ftl"): Not found
2019-03-06 10:53:44  [ main:9291 ] - [ DEBUG ]  TemplateLoader.findTemplateSource("category-view/category-view.ftl"): Found
2019-03-06 10:53:44  [ main:9291 ] - [ DEBUG ]  Loading template for "category-view/category-view.ftl"("en", UTF-8, parsed) from "jar:file:/D:/MavenRepository/com/aventstack/extentreports/3.0.6/extentreports-3.0.6.jar!/com/aventstack/extentreports/view/html-report/category-view/category-view.ftl"
2019-03-06 10:53:44  [ main:9295 ] - [ DEBUG ]  Couldn't find template in cache for "author-view/author-view.ftl"("en", UTF-8, parsed); will try to load it.
2019-03-06 10:53:44  [ main:9295 ] - [ DEBUG ]  TemplateLoader.findTemplateSource("author-view/author-view_en.ftl"): Not found
2019-03-06 10:53:44  [ main:9296 ] - [ DEBUG ]  TemplateLoader.findTemplateSource("author-view/author-view.ftl"): Found
2019-03-06 10:53:44  [ main:9296 ] - [ DEBUG ]  Loading template for "author-view/author-view.ftl"("en", UTF-8, parsed) from "jar:file:/D:/MavenRepository/com/aventstack/extentreports/3.0.6/extentreports-3.0.6.jar!/com/aventstack/extentreports/view/html-report/author-view/author-view.ftl"
2019-03-06 10:53:44  [ main:9301 ] - [ DEBUG ]  Couldn't find template in cache for "exception-view/exception-view.ftl"("en", UTF-8, parsed); will try to load it.
2019-03-06 10:53:44  [ main:9303 ] - [ DEBUG ]  TemplateLoader.findTemplateSource("exception-view/exception-view_en.ftl"): Not found
2019-03-06 10:53:44  [ main:9303 ] - [ DEBUG ]  TemplateLoader.findTemplateSource("exception-view/exception-view.ftl"): Found
2019-03-06 10:53:44  [ main:9303 ] - [ DEBUG ]  Loading template for "exception-view/exception-view.ftl"("en", UTF-8, parsed) from "jar:file:/D:/MavenRepository/com/aventstack/extentreports/3.0.6/extentreports-3.0.6.jar!/com/aventstack/extentreports/view/html-report/exception-view/exception-view.ftl"
2019-03-06 10:53:44  [ main:9307 ] - [ DEBUG ]  Couldn't find template in cache for "dashboard-view/dashboard-view.ftl"("en", UTF-8, parsed); will try to load it.
2019-03-06 10:53:44  [ main:9307 ] - [ DEBUG ]  TemplateLoader.findTemplateSource("dashboard-view/dashboard-view_en.ftl"): Not found
2019-03-06 10:53:44  [ main:9308 ] - [ DEBUG ]  TemplateLoader.findTemplateSource("dashboard-view/dashboard-view.ftl"): Found
2019-03-06 10:53:44  [ main:9308 ] - [ DEBUG ]  Loading template for "dashboard-view/dashboard-view.ftl"("en", UTF-8, parsed) from "jar:file:/D:/MavenRepository/com/aventstack/extentreports/3.0.6/extentreports-3.0.6.jar!/com/aventstack/extentreports/view/html-report/dashboard-view/dashboard-view.ftl"
2019-03-06 10:53:44  [ main:9312 ] - [ DEBUG ]  Couldn't find template in cache for "logs-view/testrunner-logs-view.ftl"("en", UTF-8, parsed); will try to load it.
2019-03-06 10:53:44  [ main:9313 ] - [ DEBUG ]  TemplateLoader.findTemplateSource("logs-view/testrunner-logs-view_en.ftl"): Not found
2019-03-06 10:53:44  [ main:9313 ] - [ DEBUG ]  TemplateLoader.findTemplateSource("logs-view/testrunner-logs-view.ftl"): Found
2019-03-06 10:53:44  [ main:9313 ] - [ DEBUG ]  Loading template for "logs-view/testrunner-logs-view.ftl"("en", UTF-8, parsed) from "jar:file:/D:/MavenRepository/com/aventstack/extentreports/3.0.6/extentreports-3.0.6.jar!/com/aventstack/extentreports/view/html-report/logs-view/testrunner-logs-view.ftl"
2019-03-06 10:57:18  [ main:0 ] - [ INFO ]  开始加载浏览器了
2019-03-06 10:57:23  [ main:5099 ] - [ INFO ]  浏览器最大化成功
2019-03-06 10:57:23  [ main:5099 ] - [ INFO ]  等待页面加载完成
2019-03-06 10:57:25  [ main:6680 ] - [ INFO ]  打开测试页面：http://www.test.styd.cn/
2019-03-06 10:57:25  [ main:6695 ] - [ INFO ]  test 测试用例开始执行！
2019-03-06 10:57:25  [ main:6697 ] - [ INFO ]  test 测试用例执行成功！
2019-03-06 10:57:26  [ main:8247 ] - [ INFO ]  浏览器退出成功
2019-03-06 10:57:26  [ main:8247 ] - [ INFO ]  执行成功的用例 = test
2019-03-06 10:57:26  [ main:8340 ] - [ DEBUG ]  Couldn't find template in cache for "index.ftl"("en", UTF-8, parsed); will try to load it.
2019-03-06 10:57:26  [ main:8341 ] - [ DEBUG ]  TemplateLoader.findTemplateSource("index_en.ftl"): Not found
2019-03-06 10:57:26  [ main:8342 ] - [ DEBUG ]  TemplateLoader.findTemplateSource("index.ftl"): Found
2019-03-06 10:57:26  [ main:8343 ] - [ DEBUG ]  Loading template for "index.ftl"("en", UTF-8, parsed) from "jar:file:/D:/MavenRepository/com/aventstack/extentreports/3.0.6/extentreports-3.0.6.jar!/com/aventstack/extentreports/view/html-report/index.ftl"
2019-03-06 10:57:27  [ main:8482 ] - [ DEBUG ]  Couldn't find template in cache for "head.ftl"("en", UTF-8, parsed); will try to load it.
2019-03-06 10:57:27  [ main:8482 ] - [ DEBUG ]  TemplateLoader.findTemplateSource("head_en.ftl"): Not found
2019-03-06 10:57:27  [ main:8483 ] - [ DEBUG ]  TemplateLoader.findTemplateSource("head.ftl"): Found
2019-03-06 10:57:27  [ main:8483 ] - [ DEBUG ]  Loading template for "head.ftl"("en", UTF-8, parsed) from "jar:file:/D:/MavenRepository/com/aventstack/extentreports/3.0.6/extentreports-3.0.6.jar!/com/aventstack/extentreports/view/html-report/head.ftl"
2019-03-06 10:57:27  [ main:8486 ] - [ DEBUG ]  Couldn't find template in cache for "nav.ftl"("en", UTF-8, parsed); will try to load it.
2019-03-06 10:57:27  [ main:8486 ] - [ DEBUG ]  TemplateLoader.findTemplateSource("nav_en.ftl"): Not found
2019-03-06 10:57:27  [ main:8486 ] - [ DEBUG ]  TemplateLoader.findTemplateSource("nav.ftl"): Found
2019-03-06 10:57:27  [ main:8487 ] - [ DEBUG ]  Loading template for "nav.ftl"("en", UTF-8, parsed) from "jar:file:/D:/MavenRepository/com/aventstack/extentreports/3.0.6/extentreports-3.0.6.jar!/com/aventstack/extentreports/view/html-report/nav.ftl"
2019-03-06 10:57:27  [ main:8495 ] - [ DEBUG ]  Couldn't find template in cache for "test-view/test-view.ftl"("en", UTF-8, parsed); will try to load it.
2019-03-06 10:57:27  [ main:8495 ] - [ DEBUG ]  TemplateLoader.findTemplateSource("test-view/test-view_en.ftl"): Not found
2019-03-06 10:57:27  [ main:8496 ] - [ DEBUG ]  TemplateLoader.findTemplateSource("test-view/test-view.ftl"): Found
2019-03-06 10:57:27  [ main:8496 ] - [ DEBUG ]  Loading template for "test-view/test-view.ftl"("en", UTF-8, parsed) from "jar:file:/D:/MavenRepository/com/aventstack/extentreports/3.0.6/extentreports-3.0.6.jar!/com/aventstack/extentreports/view/html-report/test-view/test-view.ftl"
2019-03-06 10:57:27  [ main:8505 ] - [ DEBUG ]  Couldn't find template in cache for "test-view/test-view-charts.ftl"("en", UTF-8, parsed); will try to load it.
2019-03-06 10:57:27  [ main:8505 ] - [ DEBUG ]  TemplateLoader.findTemplateSource("test-view/test-view-charts_en.ftl"): Not found
2019-03-06 10:57:27  [ main:8506 ] - [ DEBUG ]  TemplateLoader.findTemplateSource("test-view/test-view-charts.ftl"): Found
2019-03-06 10:57:27  [ main:8506 ] - [ DEBUG ]  Loading template for "test-view/test-view-charts.ftl"("en", UTF-8, parsed) from "jar:file:/D:/MavenRepository/com/aventstack/extentreports/3.0.6/extentreports-3.0.6.jar!/com/aventstack/extentreports/view/html-report/test-view/test-view-charts.ftl"
2019-03-06 10:57:27  [ main:8517 ] - [ DEBUG ]  Couldn't find template in cache for "test-view/standard.ftl"("en", UTF-8, parsed); will try to load it.
2019-03-06 10:57:27  [ main:8518 ] - [ DEBUG ]  TemplateLoader.findTemplateSource("test-view/standard_en.ftl"): Not found
2019-03-06 10:57:27  [ main:8519 ] - [ DEBUG ]  TemplateLoader.findTemplateSource("test-view/standard.ftl"): Found
2019-03-06 10:57:27  [ main:8519 ] - [ DEBUG ]  Loading template for "test-view/standard.ftl"("en", UTF-8, parsed) from "jar:file:/D:/MavenRepository/com/aventstack/extentreports/3.0.6/extentreports-3.0.6.jar!/com/aventstack/extentreports/view/html-report/test-view/standard.ftl"
2019-03-06 10:57:27  [ main:8532 ] - [ DEBUG ]  Couldn't find template in cache for "category-view/category-view.ftl"("en", UTF-8, parsed); will try to load it.
2019-03-06 10:57:27  [ main:8532 ] - [ DEBUG ]  TemplateLoader.findTemplateSource("category-view/category-view_en.ftl"): Not found
2019-03-06 10:57:27  [ main:8533 ] - [ DEBUG ]  TemplateLoader.findTemplateSource("category-view/category-view.ftl"): Found
2019-03-06 10:57:27  [ main:8533 ] - [ DEBUG ]  Loading template for "category-view/category-view.ftl"("en", UTF-8, parsed) from "jar:file:/D:/MavenRepository/com/aventstack/extentreports/3.0.6/extentreports-3.0.6.jar!/com/aventstack/extentreports/view/html-report/category-view/category-view.ftl"
2019-03-06 10:57:27  [ main:8537 ] - [ DEBUG ]  Couldn't find template in cache for "author-view/author-view.ftl"("en", UTF-8, parsed); will try to load it.
2019-03-06 10:57:27  [ main:8537 ] - [ DEBUG ]  TemplateLoader.findTemplateSource("author-view/author-view_en.ftl"): Not found
2019-03-06 10:57:27  [ main:8537 ] - [ DEBUG ]  TemplateLoader.findTemplateSource("author-view/author-view.ftl"): Found
2019-03-06 10:57:27  [ main:8537 ] - [ DEBUG ]  Loading template for "author-view/author-view.ftl"("en", UTF-8, parsed) from "jar:file:/D:/MavenRepository/com/aventstack/extentreports/3.0.6/extentreports-3.0.6.jar!/com/aventstack/extentreports/view/html-report/author-view/author-view.ftl"
2019-03-06 10:57:27  [ main:8541 ] - [ DEBUG ]  Couldn't find template in cache for "exception-view/exception-view.ftl"("en", UTF-8, parsed); will try to load it.
2019-03-06 10:57:27  [ main:8542 ] - [ DEBUG ]  TemplateLoader.findTemplateSource("exception-view/exception-view_en.ftl"): Not found
2019-03-06 10:57:27  [ main:8542 ] - [ DEBUG ]  TemplateLoader.findTemplateSource("exception-view/exception-view.ftl"): Found
2019-03-06 10:57:27  [ main:8543 ] - [ DEBUG ]  Loading template for "exception-view/exception-view.ftl"("en", UTF-8, parsed) from "jar:file:/D:/MavenRepository/com/aventstack/extentreports/3.0.6/extentreports-3.0.6.jar!/com/aventstack/extentreports/view/html-report/exception-view/exception-view.ftl"
2019-03-06 10:57:27  [ main:8547 ] - [ DEBUG ]  Couldn't find template in cache for "dashboard-view/dashboard-view.ftl"("en", UTF-8, parsed); will try to load it.
2019-03-06 10:57:27  [ main:8547 ] - [ DEBUG ]  TemplateLoader.findTemplateSource("dashboard-view/dashboard-view_en.ftl"): Not found
2019-03-06 10:57:27  [ main:8548 ] - [ DEBUG ]  TemplateLoader.findTemplateSource("dashboard-view/dashboard-view.ftl"): Found
2019-03-06 10:57:27  [ main:8548 ] - [ DEBUG ]  Loading template for "dashboard-view/dashboard-view.ftl"("en", UTF-8, parsed) from "jar:file:/D:/MavenRepository/com/aventstack/extentreports/3.0.6/extentreports-3.0.6.jar!/com/aventstack/extentreports/view/html-report/dashboard-view/dashboard-view.ftl"
2019-03-06 10:57:27  [ main:8552 ] - [ DEBUG ]  Couldn't find template in cache for "logs-view/testrunner-logs-view.ftl"("en", UTF-8, parsed); will try to load it.
2019-03-06 10:57:27  [ main:8553 ] - [ DEBUG ]  TemplateLoader.findTemplateSource("logs-view/testrunner-logs-view_en.ftl"): Not found
2019-03-06 10:57:27  [ main:8553 ] - [ DEBUG ]  TemplateLoader.findTemplateSource("logs-view/testrunner-logs-view.ftl"): Found
2019-03-06 10:57:27  [ main:8553 ] - [ DEBUG ]  Loading template for "logs-view/testrunner-logs-view.ftl"("en", UTF-8, parsed) from "jar:file:/D:/MavenRepository/com/aventstack/extentreports/3.0.6/extentreports-3.0.6.jar!/com/aventstack/extentreports/view/html-report/logs-view/testrunner-logs-view.ftl"
2019-03-06 11:09:01  [ main:0 ] - [ INFO ]  开始加载浏览器了
2019-03-06 11:09:06  [ main:4954 ] - [ INFO ]  浏览器最大化成功
2019-03-06 11:09:06  [ main:4954 ] - [ INFO ]  等待页面加载完成
2019-03-06 11:09:09  [ main:7492 ] - [ INFO ]  打开测试页面：http://www.test.styd.cn/
2019-03-06 11:09:09  [ main:8183 ] - [ INFO ]  点击元素：By.xpath: //a[text()='登录']
2019-03-06 11:09:09  [ main:8183 ] - [ INFO ]  跳转进入登录页面
2019-03-06 11:09:10  [ main:9282 ] - [ INFO ]  浏览器退出成功
2019-03-06 11:11:50  [ main:0 ] - [ INFO ]  开始加载浏览器了
2019-03-06 11:11:55  [ main:4813 ] - [ INFO ]  浏览器最大化成功
2019-03-06 11:11:55  [ main:4813 ] - [ INFO ]  等待页面加载完成
2019-03-06 11:11:57  [ main:6624 ] - [ INFO ]  打开测试页面：http://www.test.styd.cn/
2019-03-06 11:11:57  [ main:6642 ] - [ INFO ]  loginSuccess 测试用例开始执行！
2019-03-06 11:11:57  [ main:7210 ] - [ INFO ]  点击元素：By.xpath: //a[text()='登录']
2019-03-06 11:11:57  [ main:7210 ] - [ INFO ]  跳转进入登录页面
2019-03-06 11:11:57  [ main:7211 ] - [ INFO ]  loginSuccess 测试用例执行成功！
2019-03-06 11:11:59  [ main:8344 ] - [ INFO ]  浏览器退出成功
2019-03-06 11:11:59  [ main:8345 ] - [ INFO ]  执行成功的用例 = loginSuccess
2019-03-06 11:11:59  [ main:8435 ] - [ DEBUG ]  Couldn't find template in cache for "index.ftl"("en", UTF-8, parsed); will try to load it.
2019-03-06 11:11:59  [ main:8436 ] - [ DEBUG ]  TemplateLoader.findTemplateSource("index_en.ftl"): Not found
2019-03-06 11:11:59  [ main:8437 ] - [ DEBUG ]  TemplateLoader.findTemplateSource("index.ftl"): Found
2019-03-06 11:11:59  [ main:8438 ] - [ DEBUG ]  Loading template for "index.ftl"("en", UTF-8, parsed) from "jar:file:/D:/MavenRepository/com/aventstack/extentreports/3.0.6/extentreports-3.0.6.jar!/com/aventstack/extentreports/view/html-report/index.ftl"
2019-03-06 11:11:59  [ main:8578 ] - [ DEBUG ]  Couldn't find template in cache for "head.ftl"("en", UTF-8, parsed); will try to load it.
2019-03-06 11:11:59  [ main:8578 ] - [ DEBUG ]  TemplateLoader.findTemplateSource("head_en.ftl"): Not found
2019-03-06 11:11:59  [ main:8581 ] - [ DEBUG ]  TemplateLoader.findTemplateSource("head.ftl"): Found
2019-03-06 11:11:59  [ main:8581 ] - [ DEBUG ]  Loading template for "head.ftl"("en", UTF-8, parsed) from "jar:file:/D:/MavenRepository/com/aventstack/extentreports/3.0.6/extentreports-3.0.6.jar!/com/aventstack/extentreports/view/html-report/head.ftl"
2019-03-06 11:11:59  [ main:8584 ] - [ DEBUG ]  Couldn't find template in cache for "nav.ftl"("en", UTF-8, parsed); will try to load it.
2019-03-06 11:11:59  [ main:8584 ] - [ DEBUG ]  TemplateLoader.findTemplateSource("nav_en.ftl"): Not found
2019-03-06 11:11:59  [ main:8585 ] - [ DEBUG ]  TemplateLoader.findTemplateSource("nav.ftl"): Found
2019-03-06 11:11:59  [ main:8585 ] - [ DEBUG ]  Loading template for "nav.ftl"("en", UTF-8, parsed) from "jar:file:/D:/MavenRepository/com/aventstack/extentreports/3.0.6/extentreports-3.0.6.jar!/com/aventstack/extentreports/view/html-report/nav.ftl"
2019-03-06 11:11:59  [ main:8594 ] - [ DEBUG ]  Couldn't find template in cache for "test-view/test-view.ftl"("en", UTF-8, parsed); will try to load it.
2019-03-06 11:11:59  [ main:8595 ] - [ DEBUG ]  TemplateLoader.findTemplateSource("test-view/test-view_en.ftl"): Not found
2019-03-06 11:11:59  [ main:8595 ] - [ DEBUG ]  TemplateLoader.findTemplateSource("test-view/test-view.ftl"): Found
2019-03-06 11:11:59  [ main:8596 ] - [ DEBUG ]  Loading template for "test-view/test-view.ftl"("en", UTF-8, parsed) from "jar:file:/D:/MavenRepository/com/aventstack/extentreports/3.0.6/extentreports-3.0.6.jar!/com/aventstack/extentreports/view/html-report/test-view/test-view.ftl"
2019-03-06 11:11:59  [ main:8603 ] - [ DEBUG ]  Couldn't find template in cache for "test-view/test-view-charts.ftl"("en", UTF-8, parsed); will try to load it.
2019-03-06 11:11:59  [ main:8604 ] - [ DEBUG ]  TemplateLoader.findTemplateSource("test-view/test-view-charts_en.ftl"): Not found
2019-03-06 11:11:59  [ main:8604 ] - [ DEBUG ]  TemplateLoader.findTemplateSource("test-view/test-view-charts.ftl"): Found
2019-03-06 11:11:59  [ main:8605 ] - [ DEBUG ]  Loading template for "test-view/test-view-charts.ftl"("en", UTF-8, parsed) from "jar:file:/D:/MavenRepository/com/aventstack/extentreports/3.0.6/extentreports-3.0.6.jar!/com/aventstack/extentreports/view/html-report/test-view/test-view-charts.ftl"
2019-03-06 11:11:59  [ main:8615 ] - [ DEBUG ]  Couldn't find template in cache for "test-view/standard.ftl"("en", UTF-8, parsed); will try to load it.
2019-03-06 11:11:59  [ main:8615 ] - [ DEBUG ]  TemplateLoader.findTemplateSource("test-view/standard_en.ftl"): Not found
2019-03-06 11:11:59  [ main:8616 ] - [ DEBUG ]  TemplateLoader.findTemplateSource("test-view/standard.ftl"): Found
2019-03-06 11:11:59  [ main:8616 ] - [ DEBUG ]  Loading template for "test-view/standard.ftl"("en", UTF-8, parsed) from "jar:file:/D:/MavenRepository/com/aventstack/extentreports/3.0.6/extentreports-3.0.6.jar!/com/aventstack/extentreports/view/html-report/test-view/standard.ftl"
2019-03-06 11:11:59  [ main:8629 ] - [ DEBUG ]  Couldn't find template in cache for "category-view/category-view.ftl"("en", UTF-8, parsed); will try to load it.
2019-03-06 11:11:59  [ main:8629 ] - [ DEBUG ]  TemplateLoader.findTemplateSource("category-view/category-view_en.ftl"): Not found
2019-03-06 11:11:59  [ main:8630 ] - [ DEBUG ]  TemplateLoader.findTemplateSource("category-view/category-view.ftl"): Found
2019-03-06 11:11:59  [ main:8630 ] - [ DEBUG ]  Loading template for "category-view/category-view.ftl"("en", UTF-8, parsed) from "jar:file:/D:/MavenRepository/com/aventstack/extentreports/3.0.6/extentreports-3.0.6.jar!/com/aventstack/extentreports/view/html-report/category-view/category-view.ftl"
2019-03-06 11:11:59  [ main:8633 ] - [ DEBUG ]  Couldn't find template in cache for "author-view/author-view.ftl"("en", UTF-8, parsed); will try to load it.
2019-03-06 11:11:59  [ main:8633 ] - [ DEBUG ]  TemplateLoader.findTemplateSource("author-view/author-view_en.ftl"): Not found
2019-03-06 11:11:59  [ main:8633 ] - [ DEBUG ]  TemplateLoader.findTemplateSource("author-view/author-view.ftl"): Found
2019-03-06 11:11:59  [ main:8633 ] - [ DEBUG ]  Loading template for "author-view/author-view.ftl"("en", UTF-8, parsed) from "jar:file:/D:/MavenRepository/com/aventstack/extentreports/3.0.6/extentreports-3.0.6.jar!/com/aventstack/extentreports/view/html-report/author-view/author-view.ftl"
2019-03-06 11:11:59  [ main:8637 ] - [ DEBUG ]  Couldn't find template in cache for "exception-view/exception-view.ftl"("en", UTF-8, parsed); will try to load it.
2019-03-06 11:11:59  [ main:8638 ] - [ DEBUG ]  TemplateLoader.findTemplateSource("exception-view/exception-view_en.ftl"): Not found
2019-03-06 11:11:59  [ main:8638 ] - [ DEBUG ]  TemplateLoader.findTemplateSource("exception-view/exception-view.ftl"): Found
2019-03-06 11:11:59  [ main:8638 ] - [ DEBUG ]  Loading template for "exception-view/exception-view.ftl"("en", UTF-8, parsed) from "jar:file:/D:/MavenRepository/com/aventstack/extentreports/3.0.6/extentreports-3.0.6.jar!/com/aventstack/extentreports/view/html-report/exception-view/exception-view.ftl"
2019-03-06 11:11:59  [ main:8643 ] - [ DEBUG ]  Couldn't find template in cache for "dashboard-view/dashboard-view.ftl"("en", UTF-8, parsed); will try to load it.
2019-03-06 11:11:59  [ main:8645 ] - [ DEBUG ]  TemplateLoader.findTemplateSource("dashboard-view/dashboard-view_en.ftl"): Not found
2019-03-06 11:11:59  [ main:8646 ] - [ DEBUG ]  TemplateLoader.findTemplateSource("dashboard-view/dashboard-view.ftl"): Found
2019-03-06 11:11:59  [ main:8646 ] - [ DEBUG ]  Loading template for "dashboard-view/dashboard-view.ftl"("en", UTF-8, parsed) from "jar:file:/D:/MavenRepository/com/aventstack/extentreports/3.0.6/extentreports-3.0.6.jar!/com/aventstack/extentreports/view/html-report/dashboard-view/dashboard-view.ftl"
2019-03-06 11:11:59  [ main:8650 ] - [ DEBUG ]  Couldn't find template in cache for "logs-view/testrunner-logs-view.ftl"("en", UTF-8, parsed); will try to load it.
2019-03-06 11:11:59  [ main:8650 ] - [ DEBUG ]  TemplateLoader.findTemplateSource("logs-view/testrunner-logs-view_en.ftl"): Not found
2019-03-06 11:11:59  [ main:8651 ] - [ DEBUG ]  TemplateLoader.findTemplateSource("logs-view/testrunner-logs-view.ftl"): Found
2019-03-06 11:11:59  [ main:8651 ] - [ DEBUG ]  Loading template for "logs-view/testrunner-logs-view.ftl"("en", UTF-8, parsed) from "jar:file:/D:/MavenRepository/com/aventstack/extentreports/3.0.6/extentreports-3.0.6.jar!/com/aventstack/extentreports/view/html-report/logs-view/testrunner-logs-view.ftl"
2019-03-06 11:12:32  [ main:0 ] - [ INFO ]  开始加载浏览器了
2019-03-06 11:12:37  [ main:5099 ] - [ INFO ]  浏览器最大化成功
2019-03-06 11:12:37  [ main:5099 ] - [ INFO ]  等待页面加载完成
2019-03-06 11:12:39  [ main:6579 ] - [ INFO ]  打开测试页面：http://www.test.styd.cn/
2019-03-06 11:12:39  [ main:6591 ] - [ INFO ]  loginSuccess 测试用例开始执行！
2019-03-06 11:12:39  [ main:7158 ] - [ INFO ]  点击元素：By.xpath: //a[text()='登录']
2019-03-06 11:12:39  [ main:7159 ] - [ INFO ]  跳转进入登录页面
2019-03-06 11:12:39  [ main:7160 ] - [ INFO ]  loginSuccess 测试用例执行成功！
2019-03-06 11:12:40  [ main:7957 ] - [ INFO ]  浏览器退出成功
2019-03-06 11:12:40  [ main:7958 ] - [ INFO ]  执行成功的用例 = loginSuccess
2019-03-06 11:31:34  [ main:0 ] - [ INFO ]  开始加载浏览器了
2019-03-06 11:31:39  [ main:4816 ] - [ INFO ]  浏览器最大化成功
2019-03-06 11:31:39  [ main:4816 ] - [ INFO ]  等待页面加载完成
2019-03-06 11:31:41  [ main:6682 ] - [ INFO ]  打开测试页面：http://www.test.styd.cn/
2019-03-06 11:31:41  [ main:6700 ] - [ INFO ]  loginSuccess 测试用例开始执行！
2019-03-06 11:31:42  [ main:7607 ] - [ INFO ]  点击元素：By.xpath: //a[text()='登录']
2019-03-06 11:31:42  [ main:7608 ] - [ INFO ]  跳转进入登录页面
2019-03-06 11:31:42  [ main:7881 ] - [ INFO ]  向元素：By.xpath: //input[contains(@name,'login_name')]中填入数据18621696393
2019-03-06 11:31:42  [ main:8004 ] - [ INFO ]  向元素：By.xpath: //input[contains(@name,'login_pwd')]中填入数据123456
2019-03-06 11:31:43  [ main:8115 ] - [ INFO ]  点击元素：By.xpath: //a[contains(@class,'do_login')]
2019-03-06 11:31:43  [ main:8115 ] - [ INFO ]  执行登录
2019-03-06 11:31:43  [ main:8116 ] - [ INFO ]  loginSuccess 测试用例执行成功！
2019-03-06 11:31:44  [ main:9275 ] - [ INFO ]  浏览器退出成功
2019-03-06 11:31:44  [ main:9276 ] - [ INFO ]  执行成功的用例 = loginSuccess
2019-03-06 14:33:22  [ main:0 ] - [ INFO ]  开始加载浏览器了
2019-03-06 14:33:27  [ main:5056 ] - [ INFO ]  浏览器最大化成功
2019-03-06 14:33:27  [ main:5057 ] - [ INFO ]  等待页面加载完成
2019-03-06 14:33:28  [ main:6631 ] - [ INFO ]  打开测试页面：http://www.test.styd.cn/
2019-03-06 14:37:50  [ main:0 ] - [ INFO ]  开始加载浏览器了
2019-03-06 14:37:55  [ main:5084 ] - [ INFO ]  浏览器最大化成功
2019-03-06 14:37:55  [ main:5085 ] - [ INFO ]  等待页面加载完成
2019-03-06 14:37:56  [ main:6629 ] - [ INFO ]  打开测试页面：http://www.test.styd.cn/
2019-03-06 14:42:15  [ main:0 ] - [ INFO ]  开始加载浏览器了
2019-03-06 14:42:48  [ main:0 ] - [ INFO ]  开始加载浏览器了
2019-03-06 14:42:53  [ main:5040 ] - [ INFO ]  浏览器最大化成功
2019-03-06 14:42:53  [ main:5041 ] - [ INFO ]  等待页面加载完成
2019-03-06 14:42:55  [ main:6964 ] - [ INFO ]  打开测试页面：http://www.test.styd.cn/
2019-03-06 14:43:52  [ main:64041 ] - [ ERROR ]  没有找到指定的文件：data/.Login.xls
2019-03-06 14:44:13  [ main:0 ] - [ INFO ]  开始加载浏览器了
2019-03-06 14:44:18  [ main:5190 ] - [ INFO ]  浏览器最大化成功
2019-03-06 14:44:18  [ main:5190 ] - [ INFO ]  等待页面加载完成
2019-03-06 14:44:20  [ main:6626 ] - [ INFO ]  打开测试页面：http://www.test.styd.cn/
2019-03-06 14:44:46  [ main:33076 ] - [ ERROR ]  不能读取文件：data/Login.xls
2019-03-06 14:47:54  [ main:0 ] - [ INFO ]  开始加载浏览器了
2019-03-06 14:48:00  [ main:5138 ] - [ INFO ]  浏览器最大化成功
2019-03-06 14:48:00  [ main:5138 ] - [ INFO ]  等待页面加载完成
2019-03-06 14:48:01  [ main:6519 ] - [ INFO ]  打开测试页面：http://www.test.styd.cn/
2019-03-06 14:48:02  [ main:7463 ] - [ INFO ]  点击元素：By.xpath: //a[text()='登录']
2019-03-06 14:48:02  [ main:7465 ] - [ INFO ]  跳转进入登录页面
2019-03-06 14:48:13  [ main:18362 ] - [ INFO ]  向元素：By.xpath: //input[contains(@name,'login_name')]中填入数据18621696393
2019-03-06 14:48:13  [ main:18442 ] - [ INFO ]  向元素：By.xpath: //input[contains(@name,'login_pwd')]中填入数据123456
2019-03-06 14:48:13  [ main:18517 ] - [ INFO ]  点击元素：By.xpath: //a[contains(@class,'do_login')]
2019-03-06 14:48:13  [ main:18518 ] - [ INFO ]  执行登录
2019-03-06 14:48:59  [ main:64289 ] - [ INFO ]  线程等待时间：3秒
2019-03-06 14:49:02  [ main:68092 ] - [ INFO ]  浏览器退出成功
2019-03-06 14:53:29  [ main:0 ] - [ INFO ]  开始加载浏览器了
2019-03-06 14:53:34  [ main:4964 ] - [ INFO ]  浏览器最大化成功
2019-03-06 14:53:34  [ main:4965 ] - [ INFO ]  等待页面加载完成
2019-03-06 14:53:37  [ main:8079 ] - [ INFO ]  打开测试页面：http://www.test.styd.cn/
2019-03-06 14:53:38  [ main:9033 ] - [ INFO ]  点击元素：By.xpath: //a[text()='登录']
2019-03-06 14:53:38  [ main:9034 ] - [ INFO ]  跳转进入登录页面
2019-03-06 14:53:38  [ main:9323 ] - [ INFO ]  向元素：By.xpath: //input[contains(@name,'login_name')]中填入数据18621696393
2019-03-06 14:53:38  [ main:9452 ] - [ INFO ]  向元素：By.xpath: //input[contains(@name,'login_pwd')]中填入数据123456
2019-03-06 14:53:38  [ main:9562 ] - [ INFO ]  点击元素：By.xpath: //a[contains(@class,'do_login')]
2019-03-06 14:53:38  [ main:9562 ] - [ INFO ]  执行登录
2019-03-06 14:53:38  [ main:9563 ] - [ INFO ]  线程等待时间：3秒
2019-03-06 14:53:43  [ main:14246 ] - [ INFO ]  浏览器退出成功
